<?xml version="1.0" encoding="UTF-8"?>
<!-- Generated by org.testng.reporters.JUnitXMLReporter -->
<testsuite ignored="0" hostname="DESKTOP-FK3RV9V" failures="0" tests="3" name="Test" time="0.081" errors="0" timestamp="2024-05-30T23:03:44 IST">
  <testcase classname="test_base.Base" name="@BeforeClass setup" time="-1.717090424399E9">
    <failure type="org.testng.TestNGException" message="
Parameter &amp;apos;browser&amp;apos; is required by BeforeClass on method setup but has not been marked @Optional or defined
in C:\Users\Admin\eclipse-workspace\Faceify_corp\Employee_onBoard.xml">
      <![CDATA[org.testng.TestNGException: 
Parameter 'browser' is required by BeforeClass on method setup but has not been marked @Optional or defined
in C:\Users\Admin\eclipse-workspace\Faceify_corp\Employee_onBoard.xml
at java.base/java.util.ArrayList.forEach(ArrayList.java:1511)
... Removed 22 stack frames]]>
    </failure>
  </testcase> <!-- @BeforeClass setup -->
  <testcase classname="test_base.Base" name="@AfterClass teardown" time="-1.717090424432E9">
    <skipped/>
  </testcase> <!-- @AfterClass teardown -->
  <testcase classname="test_base.Base" name="@BeforeClass setup" time="-1.717090424436E9">
    <failure type="org.testng.TestNGException" message="
Parameter &amp;apos;browser&amp;apos; is required by BeforeClass on method setup but has not been marked @Optional or defined
in C:\Users\Admin\eclipse-workspace\Faceify_corp\Employee_onBoard.xml">
      <![CDATA[org.testng.TestNGException: 
Parameter 'browser' is required by BeforeClass on method setup but has not been marked @Optional or defined
in C:\Users\Admin\eclipse-workspace\Faceify_corp\Employee_onBoard.xml
at java.base/java.util.ArrayList.forEach(ArrayList.java:1511)
... Removed 22 stack frames]]>
    </failure>
  </testcase> <!-- @BeforeClass setup -->
  <testcase classname="test_base.Base" name="@AfterClass teardown" time="-1.717090424443E9">
    <skipped/>
  </testcase> <!-- @AfterClass teardown -->
  <testcase classname="test_base.Base" name="@BeforeClass setup" time="-1.717090424445E9">
    <failure type="org.testng.TestNGException" message="
Parameter &amp;apos;browser&amp;apos; is required by BeforeClass on method setup but has not been marked @Optional or defined
in C:\Users\Admin\eclipse-workspace\Faceify_corp\Employee_onBoard.xml">
      <![CDATA[org.testng.TestNGException: 
Parameter 'browser' is required by BeforeClass on method setup but has not been marked @Optional or defined
in C:\Users\Admin\eclipse-workspace\Faceify_corp\Employee_onBoard.xml
at java.base/java.util.ArrayList.forEach(ArrayList.java:1511)
... Removed 22 stack frames]]>
    </failure>
  </testcase> <!-- @BeforeClass setup -->
  <testcase classname="test_base.Base" name="@AfterClass teardown" time="-1.717090424451E9">
    <skipped/>
  </testcase> <!-- @AfterClass teardown -->
  <testcase classname="test_cases.Home_Test" name="login" time="0.0">
    <skipped/>
  </testcase> <!-- login -->
  <testcase classname="test_cases.Login_Test" name="Login_page" time="0.0">
    <skipped/>
  </testcase> <!-- Login_page -->
  <testcase classname="test_cases.admin_services" name="admin_serv" time="0.0">
    <skipped/>
  </testcase> <!-- admin_serv -->
</testsuite> <!-- Test -->
